2024-02-27 15:05:54 INFO  LogHelper:31 - HHH000204: Processing PersistenceUnitInfo [name: university]
2024-02-27 15:05:54 INFO  Version:44 - HHH000412: Hibernate ORM core version 5.6.7.Final
2024-02-27 15:05:54 INFO  Version:56 - HCANN000001: Hibernate Commons Annotations {5.1.2.Final}
2024-02-27 15:05:55 WARN  pooling:72 - HHH10001002: Using Hibernate built-in connection pool (not for production use!)
2024-02-27 15:05:55 INFO  pooling:115 - HHH10001005: using driver [com.mysql.jdbc.Driver] at URL [jdbc:mysql://localhost:3306/University?createDatabaseIfNotExist=true]
2024-02-27 15:05:55 INFO  pooling:124 - HHH10001001: Connection properties: {password=****, user=root}
2024-02-27 15:05:55 INFO  pooling:129 - HHH10001003: Autocommit mode: false
2024-02-27 15:05:55 INFO  pooling:134 - HHH10001007: JDBC isolation level: READ_COMMITTED
2024-02-27 15:05:55 INFO  DriverManagerConnectionProviderImpl:274 - HHH000115: Hibernate connection pool size: 10 (min=1)
2024-02-27 15:05:55 INFO  Dialect:175 - HHH000400: Using dialect: org.hibernate.dialect.MySQL8Dialect
2024-02-27 15:05:56 INFO  access:48 - HHH10001501: Connection obtained from JdbcConnectionAccess [org.hibernate.engine.jdbc.env.internal.JdbcEnvironmentInitiator$ConnectionProviderJdbcConnectionAccess@5ff6dd3c] for (non-JTA) DDL execution was not in auto-commit mode; the Connection 'local transaction' will be committed and the Connection will be set into auto-commit mode.
2024-02-27 15:05:57 INFO  JtaPlatformInitiator:52 - HHH000490: Using JtaPlatform implementation: [org.hibernate.engine.transaction.jta.platform.internal.NoJtaPlatform]
2024-02-27 15:05:57 INFO  DaoImpl:79 - EntityManager opened: SessionImpl(1419428140<open>)
2024-02-27 15:05:57 INFO  DaoImpl:79 - EntityManager opened: SessionImpl(1516384232<open>)
2024-02-27 15:05:57 INFO  DaoImpl:79 - EntityManager opened: SessionImpl(1096648926<open>)
2024-02-27 15:05:57 INFO  DaoImpl:79 - EntityManager opened: SessionImpl(822769753<open>)
2024-02-27 15:05:57 INFO  DaoImpl:79 - EntityManager opened: SessionImpl(1218169085<open>)
2024-02-27 15:05:57 INFO  AdminServiceImpl:27 - Object created: Professor(super=Person(id=null, name=Name No.236464440, surname=Surname  No.-951414445, email=email@mail No.-1924141020))
2024-02-27 15:05:57 INFO  DaoImpl:89 - Object saved successfully: Professor(super=Person(id=11, name=Name No.236464440, surname=Surname  No.-951414445, email=email@mail No.-1924141020))
2024-02-27 15:05:57 INFO  AdminServiceImpl:105 - Object created: Course(id=null, title=Title No.1169079867, professor=Professor(super=Person(id=11, name=Name No.236464440, surname=Surname  No.-951414445, email=email@mail No.-1924141020)), createdDate=null)
2024-02-27 15:05:57 INFO  DaoImpl:89 - Object saved successfully: Course(id=37, title=Title No.1169079867, professor=Professor(super=Person(id=11, name=Name No.236464440, surname=Surname  No.-951414445, email=email@mail No.-1924141020)), createdDate=2024-02-27T15:05:57.271348)
2024-02-27 15:05:57 INFO  AdminServiceImpl:105 - Object created: Course(id=null, title=Title No.1277652225, professor=Professor(super=Person(id=11, name=Name No.236464440, surname=Surname  No.-951414445, email=email@mail No.-1924141020)), createdDate=null)
2024-02-27 15:05:57 INFO  DaoImpl:89 - Object saved successfully: Course(id=38, title=Title No.1277652225, professor=Professor(super=Person(id=11, name=Name No.236464440, surname=Surname  No.-951414445, email=email@mail No.-1924141020)), createdDate=2024-02-27T15:05:57.282557100)
2024-02-27 15:05:57 INFO  AdminServiceImpl:105 - Object created: Course(id=null, title=Title No.-1849182133, professor=Professor(super=Person(id=11, name=Name No.236464440, surname=Surname  No.-951414445, email=email@mail No.-1924141020)), createdDate=null)
2024-02-27 15:05:57 INFO  DaoImpl:89 - Object saved successfully: Course(id=39, title=Title No.-1849182133, professor=Professor(super=Person(id=11, name=Name No.236464440, surname=Surname  No.-951414445, email=email@mail No.-1924141020)), createdDate=2024-02-27T15:05:57.289296300)
2024-02-27 15:05:57 INFO  AdminServiceImpl:105 - Object created: Course(id=null, title=Title No.-980155517, professor=Professor(super=Person(id=11, name=Name No.236464440, surname=Surname  No.-951414445, email=email@mail No.-1924141020)), createdDate=null)
2024-02-27 15:05:57 INFO  DaoImpl:89 - Object saved successfully: Course(id=40, title=Title No.-980155517, professor=Professor(super=Person(id=11, name=Name No.236464440, surname=Surname  No.-951414445, email=email@mail No.-1924141020)), createdDate=2024-02-27T15:05:57.295296900)
2024-02-27 15:05:57 INFO  AdminServiceImpl:105 - Object created: Course(id=null, title=Title No.1987166271, professor=Professor(super=Person(id=11, name=Name No.236464440, surname=Surname  No.-951414445, email=email@mail No.-1924141020)), createdDate=null)
2024-02-27 15:05:57 INFO  DaoImpl:89 - Object saved successfully: Course(id=41, title=Title No.1987166271, professor=Professor(super=Person(id=11, name=Name No.236464440, surname=Surname  No.-951414445, email=email@mail No.-1924141020)), createdDate=2024-02-27T15:05:57.302312800)
2024-02-27 15:05:57 INFO  AdminServiceImpl:105 - Object created: Course(id=null, title=Title No.-205151701, professor=Professor(super=Person(id=11, name=Name No.236464440, surname=Surname  No.-951414445, email=email@mail No.-1924141020)), createdDate=null)
2024-02-27 15:05:57 INFO  DaoImpl:89 - Object saved successfully: Course(id=42, title=Title No.-205151701, professor=Professor(super=Person(id=11, name=Name No.236464440, surname=Surname  No.-951414445, email=email@mail No.-1924141020)), createdDate=2024-02-27T15:05:57.315285500)
2024-02-27 15:05:57 INFO  AdminServiceImpl:39 - Object created: Student(super=Person(id=null, name=Name No.-916133065, surname=Surname  No.-2051243193, email=email@mail No.-1185751073))
2024-02-27 15:05:57 INFO  DaoImpl:89 - Object saved successfully: Student(super=Person(id=32, name=Name No.-916133065, surname=Surname  No.-2051243193, email=email@mail No.-1185751073))
2024-02-27 15:05:57 INFO  StudentServiceImpl:43 - Student Student(super=Person(id=32, name=Name No.-916133065, surname=Surname  No.-2051243193, email=email@mail No.-1185751073)) check in course Course(id=37, title=Title No.1169079867, professor=Professor(super=Person(id=11, name=Name No.236464440, surname=Surname  No.-951414445, email=email@mail No.-1924141020)), createdDate=2024-02-27T15:05:57.271348)
2024-02-27 15:05:57 INFO  DaoImpl:89 - Object updated successfully: Student(super=Person(id=32, name=Name No.-916133065, surname=Surname  No.-2051243193, email=email@mail No.-1185751073))
2024-02-27 15:05:57 INFO  StudentServiceImpl:43 - Student Student(super=Person(id=32, name=Name No.-916133065, surname=Surname  No.-2051243193, email=email@mail No.-1185751073)) check in course Course(id=38, title=Title No.1277652225, professor=Professor(super=Person(id=11, name=Name No.236464440, surname=Surname  No.-951414445, email=email@mail No.-1924141020)), createdDate=2024-02-27T15:05:57.282557100)
2024-02-27 15:05:57 INFO  DaoImpl:89 - Object updated successfully: Student(super=Person(id=32, name=Name No.-916133065, surname=Surname  No.-2051243193, email=email@mail No.-1185751073))
2024-02-27 15:05:57 INFO  StudentServiceImpl:43 - Student Student(super=Person(id=32, name=Name No.-916133065, surname=Surname  No.-2051243193, email=email@mail No.-1185751073)) check in course Course(id=39, title=Title No.-1849182133, professor=Professor(super=Person(id=11, name=Name No.236464440, surname=Surname  No.-951414445, email=email@mail No.-1924141020)), createdDate=2024-02-27T15:05:57.289296300)
2024-02-27 15:05:57 INFO  DaoImpl:89 - Object updated successfully: Student(super=Person(id=32, name=Name No.-916133065, surname=Surname  No.-2051243193, email=email@mail No.-1185751073))
2024-02-27 15:05:57 INFO  StudentServiceImpl:43 - Student Student(super=Person(id=32, name=Name No.-916133065, surname=Surname  No.-2051243193, email=email@mail No.-1185751073)) check in course Course(id=40, title=Title No.-980155517, professor=Professor(super=Person(id=11, name=Name No.236464440, surname=Surname  No.-951414445, email=email@mail No.-1924141020)), createdDate=2024-02-27T15:05:57.295296900)
2024-02-27 15:05:57 INFO  DaoImpl:89 - Object updated successfully: Student(super=Person(id=32, name=Name No.-916133065, surname=Surname  No.-2051243193, email=email@mail No.-1185751073))
2024-02-27 15:05:57 INFO  StudentServiceImpl:43 - Student Student(super=Person(id=32, name=Name No.-916133065, surname=Surname  No.-2051243193, email=email@mail No.-1185751073)) check in course Course(id=41, title=Title No.1987166271, professor=Professor(super=Person(id=11, name=Name No.236464440, surname=Surname  No.-951414445, email=email@mail No.-1924141020)), createdDate=2024-02-27T15:05:57.302312800)
2024-02-27 15:05:57 INFO  DaoImpl:89 - Object updated successfully: Student(super=Person(id=32, name=Name No.-916133065, surname=Surname  No.-2051243193, email=email@mail No.-1185751073))
2024-02-27 15:05:57 INFO  StudentServiceImpl:43 - Student Student(super=Person(id=32, name=Name No.-916133065, surname=Surname  No.-2051243193, email=email@mail No.-1185751073)) check in course Course(id=42, title=Title No.-205151701, professor=Professor(super=Person(id=11, name=Name No.236464440, surname=Surname  No.-951414445, email=email@mail No.-1924141020)), createdDate=2024-02-27T15:05:57.315285500)
2024-02-27 15:05:57 INFO  DaoImpl:89 - Object updated successfully: Student(super=Person(id=32, name=Name No.-916133065, surname=Surname  No.-2051243193, email=email@mail No.-1185751073))
2024-02-27 15:05:57 INFO  AdminServiceImpl:39 - Object created: Student(super=Person(id=null, name=Name No.165384322, surname=Surname  No.166256103, email=email@mail No.-1177367897))
2024-02-27 15:05:57 INFO  DaoImpl:89 - Object saved successfully: Student(super=Person(id=33, name=Name No.165384322, surname=Surname  No.166256103, email=email@mail No.-1177367897))
2024-02-27 15:05:57 INFO  StudentServiceImpl:43 - Student Student(super=Person(id=33, name=Name No.165384322, surname=Surname  No.166256103, email=email@mail No.-1177367897)) check in course Course(id=37, title=Title No.1169079867, professor=Professor(super=Person(id=11, name=Name No.236464440, surname=Surname  No.-951414445, email=email@mail No.-1924141020)), createdDate=2024-02-27T15:05:57.271348)
2024-02-27 15:05:57 INFO  DaoImpl:89 - Object updated successfully: Student(super=Person(id=33, name=Name No.165384322, surname=Surname  No.166256103, email=email@mail No.-1177367897))
2024-02-27 15:05:57 INFO  StudentServiceImpl:43 - Student Student(super=Person(id=33, name=Name No.165384322, surname=Surname  No.166256103, email=email@mail No.-1177367897)) check in course Course(id=38, title=Title No.1277652225, professor=Professor(super=Person(id=11, name=Name No.236464440, surname=Surname  No.-951414445, email=email@mail No.-1924141020)), createdDate=2024-02-27T15:05:57.282557100)
2024-02-27 15:05:57 INFO  DaoImpl:89 - Object updated successfully: Student(super=Person(id=33, name=Name No.165384322, surname=Surname  No.166256103, email=email@mail No.-1177367897))
2024-02-27 15:05:57 INFO  StudentServiceImpl:43 - Student Student(super=Person(id=33, name=Name No.165384322, surname=Surname  No.166256103, email=email@mail No.-1177367897)) check in course Course(id=39, title=Title No.-1849182133, professor=Professor(super=Person(id=11, name=Name No.236464440, surname=Surname  No.-951414445, email=email@mail No.-1924141020)), createdDate=2024-02-27T15:05:57.289296300)
2024-02-27 15:05:57 INFO  DaoImpl:89 - Object updated successfully: Student(super=Person(id=33, name=Name No.165384322, surname=Surname  No.166256103, email=email@mail No.-1177367897))
2024-02-27 15:05:57 INFO  StudentServiceImpl:43 - Student Student(super=Person(id=33, name=Name No.165384322, surname=Surname  No.166256103, email=email@mail No.-1177367897)) check in course Course(id=40, title=Title No.-980155517, professor=Professor(super=Person(id=11, name=Name No.236464440, surname=Surname  No.-951414445, email=email@mail No.-1924141020)), createdDate=2024-02-27T15:05:57.295296900)
2024-02-27 15:05:57 INFO  DaoImpl:89 - Object updated successfully: Student(super=Person(id=33, name=Name No.165384322, surname=Surname  No.166256103, email=email@mail No.-1177367897))
2024-02-27 15:05:57 INFO  StudentServiceImpl:43 - Student Student(super=Person(id=33, name=Name No.165384322, surname=Surname  No.166256103, email=email@mail No.-1177367897)) check in course Course(id=41, title=Title No.1987166271, professor=Professor(super=Person(id=11, name=Name No.236464440, surname=Surname  No.-951414445, email=email@mail No.-1924141020)), createdDate=2024-02-27T15:05:57.302312800)
2024-02-27 15:05:57 INFO  DaoImpl:89 - Object updated successfully: Student(super=Person(id=33, name=Name No.165384322, surname=Surname  No.166256103, email=email@mail No.-1177367897))
2024-02-27 15:05:57 INFO  StudentServiceImpl:43 - Student Student(super=Person(id=33, name=Name No.165384322, surname=Surname  No.166256103, email=email@mail No.-1177367897)) check in course Course(id=42, title=Title No.-205151701, professor=Professor(super=Person(id=11, name=Name No.236464440, surname=Surname  No.-951414445, email=email@mail No.-1924141020)), createdDate=2024-02-27T15:05:57.315285500)
2024-02-27 15:05:57 INFO  DaoImpl:89 - Object updated successfully: Student(super=Person(id=33, name=Name No.165384322, surname=Surname  No.166256103, email=email@mail No.-1177367897))
2024-02-27 15:05:57 INFO  AdminServiceImpl:39 - Object created: Student(super=Person(id=null, name=Name No.1899730011, surname=Surname  No.-366128268, email=email@mail No.-1030917473))
2024-02-27 15:05:57 INFO  DaoImpl:89 - Object saved successfully: Student(super=Person(id=34, name=Name No.1899730011, surname=Surname  No.-366128268, email=email@mail No.-1030917473))
2024-02-27 15:05:57 INFO  StudentServiceImpl:43 - Student Student(super=Person(id=34, name=Name No.1899730011, surname=Surname  No.-366128268, email=email@mail No.-1030917473)) check in course Course(id=37, title=Title No.1169079867, professor=Professor(super=Person(id=11, name=Name No.236464440, surname=Surname  No.-951414445, email=email@mail No.-1924141020)), createdDate=2024-02-27T15:05:57.271348)
2024-02-27 15:05:57 INFO  DaoImpl:89 - Object updated successfully: Student(super=Person(id=34, name=Name No.1899730011, surname=Surname  No.-366128268, email=email@mail No.-1030917473))
2024-02-27 15:05:57 INFO  StudentServiceImpl:43 - Student Student(super=Person(id=34, name=Name No.1899730011, surname=Surname  No.-366128268, email=email@mail No.-1030917473)) check in course Course(id=38, title=Title No.1277652225, professor=Professor(super=Person(id=11, name=Name No.236464440, surname=Surname  No.-951414445, email=email@mail No.-1924141020)), createdDate=2024-02-27T15:05:57.282557100)
2024-02-27 15:05:57 INFO  DaoImpl:89 - Object updated successfully: Student(super=Person(id=34, name=Name No.1899730011, surname=Surname  No.-366128268, email=email@mail No.-1030917473))
2024-02-27 15:05:57 INFO  StudentServiceImpl:43 - Student Student(super=Person(id=34, name=Name No.1899730011, surname=Surname  No.-366128268, email=email@mail No.-1030917473)) check in course Course(id=39, title=Title No.-1849182133, professor=Professor(super=Person(id=11, name=Name No.236464440, surname=Surname  No.-951414445, email=email@mail No.-1924141020)), createdDate=2024-02-27T15:05:57.289296300)
2024-02-27 15:05:57 INFO  DaoImpl:89 - Object updated successfully: Student(super=Person(id=34, name=Name No.1899730011, surname=Surname  No.-366128268, email=email@mail No.-1030917473))
2024-02-27 15:05:57 INFO  StudentServiceImpl:43 - Student Student(super=Person(id=34, name=Name No.1899730011, surname=Surname  No.-366128268, email=email@mail No.-1030917473)) check in course Course(id=40, title=Title No.-980155517, professor=Professor(super=Person(id=11, name=Name No.236464440, surname=Surname  No.-951414445, email=email@mail No.-1924141020)), createdDate=2024-02-27T15:05:57.295296900)
2024-02-27 15:05:57 INFO  DaoImpl:89 - Object updated successfully: Student(super=Person(id=34, name=Name No.1899730011, surname=Surname  No.-366128268, email=email@mail No.-1030917473))
2024-02-27 15:05:57 INFO  StudentServiceImpl:43 - Student Student(super=Person(id=34, name=Name No.1899730011, surname=Surname  No.-366128268, email=email@mail No.-1030917473)) check in course Course(id=41, title=Title No.1987166271, professor=Professor(super=Person(id=11, name=Name No.236464440, surname=Surname  No.-951414445, email=email@mail No.-1924141020)), createdDate=2024-02-27T15:05:57.302312800)
2024-02-27 15:05:57 INFO  DaoImpl:89 - Object updated successfully: Student(super=Person(id=34, name=Name No.1899730011, surname=Surname  No.-366128268, email=email@mail No.-1030917473))
2024-02-27 15:05:57 INFO  StudentServiceImpl:43 - Student Student(super=Person(id=34, name=Name No.1899730011, surname=Surname  No.-366128268, email=email@mail No.-1030917473)) check in course Course(id=42, title=Title No.-205151701, professor=Professor(super=Person(id=11, name=Name No.236464440, surname=Surname  No.-951414445, email=email@mail No.-1924141020)), createdDate=2024-02-27T15:05:57.315285500)
2024-02-27 15:05:57 INFO  DaoImpl:89 - Object updated successfully: Student(super=Person(id=34, name=Name No.1899730011, surname=Surname  No.-366128268, email=email@mail No.-1030917473))
2024-02-27 15:05:57 INFO  AdminServiceImpl:39 - Object created: Student(super=Person(id=null, name=Name No.1504832953, surname=Surname  No.-572802795, email=email@mail No.-1827370984))
2024-02-27 15:05:57 INFO  DaoImpl:89 - Object saved successfully: Student(super=Person(id=35, name=Name No.1504832953, surname=Surname  No.-572802795, email=email@mail No.-1827370984))
2024-02-27 15:05:57 INFO  StudentServiceImpl:43 - Student Student(super=Person(id=35, name=Name No.1504832953, surname=Surname  No.-572802795, email=email@mail No.-1827370984)) check in course Course(id=37, title=Title No.1169079867, professor=Professor(super=Person(id=11, name=Name No.236464440, surname=Surname  No.-951414445, email=email@mail No.-1924141020)), createdDate=2024-02-27T15:05:57.271348)
2024-02-27 15:05:57 INFO  DaoImpl:89 - Object updated successfully: Student(super=Person(id=35, name=Name No.1504832953, surname=Surname  No.-572802795, email=email@mail No.-1827370984))
2024-02-27 15:05:57 INFO  StudentServiceImpl:43 - Student Student(super=Person(id=35, name=Name No.1504832953, surname=Surname  No.-572802795, email=email@mail No.-1827370984)) check in course Course(id=38, title=Title No.1277652225, professor=Professor(super=Person(id=11, name=Name No.236464440, surname=Surname  No.-951414445, email=email@mail No.-1924141020)), createdDate=2024-02-27T15:05:57.282557100)
2024-02-27 15:05:57 INFO  DaoImpl:89 - Object updated successfully: Student(super=Person(id=35, name=Name No.1504832953, surname=Surname  No.-572802795, email=email@mail No.-1827370984))
2024-02-27 15:05:57 INFO  StudentServiceImpl:43 - Student Student(super=Person(id=35, name=Name No.1504832953, surname=Surname  No.-572802795, email=email@mail No.-1827370984)) check in course Course(id=39, title=Title No.-1849182133, professor=Professor(super=Person(id=11, name=Name No.236464440, surname=Surname  No.-951414445, email=email@mail No.-1924141020)), createdDate=2024-02-27T15:05:57.289296300)
2024-02-27 15:05:57 INFO  DaoImpl:89 - Object updated successfully: Student(super=Person(id=35, name=Name No.1504832953, surname=Surname  No.-572802795, email=email@mail No.-1827370984))
2024-02-27 15:05:57 INFO  StudentServiceImpl:43 - Student Student(super=Person(id=35, name=Name No.1504832953, surname=Surname  No.-572802795, email=email@mail No.-1827370984)) check in course Course(id=40, title=Title No.-980155517, professor=Professor(super=Person(id=11, name=Name No.236464440, surname=Surname  No.-951414445, email=email@mail No.-1924141020)), createdDate=2024-02-27T15:05:57.295296900)
2024-02-27 15:05:57 INFO  DaoImpl:89 - Object updated successfully: Student(super=Person(id=35, name=Name No.1504832953, surname=Surname  No.-572802795, email=email@mail No.-1827370984))
2024-02-27 15:05:57 INFO  StudentServiceImpl:43 - Student Student(super=Person(id=35, name=Name No.1504832953, surname=Surname  No.-572802795, email=email@mail No.-1827370984)) check in course Course(id=41, title=Title No.1987166271, professor=Professor(super=Person(id=11, name=Name No.236464440, surname=Surname  No.-951414445, email=email@mail No.-1924141020)), createdDate=2024-02-27T15:05:57.302312800)
2024-02-27 15:05:57 INFO  DaoImpl:89 - Object updated successfully: Student(super=Person(id=35, name=Name No.1504832953, surname=Surname  No.-572802795, email=email@mail No.-1827370984))
2024-02-27 15:05:57 INFO  StudentServiceImpl:43 - Student Student(super=Person(id=35, name=Name No.1504832953, surname=Surname  No.-572802795, email=email@mail No.-1827370984)) check in course Course(id=42, title=Title No.-205151701, professor=Professor(super=Person(id=11, name=Name No.236464440, surname=Surname  No.-951414445, email=email@mail No.-1924141020)), createdDate=2024-02-27T15:05:57.315285500)
2024-02-27 15:05:57 INFO  DaoImpl:89 - Object updated successfully: Student(super=Person(id=35, name=Name No.1504832953, surname=Surname  No.-572802795, email=email@mail No.-1827370984))
2024-02-27 15:05:57 INFO  AdminServiceImpl:39 - Object created: Student(super=Person(id=null, name=Name No.-1655903806, surname=Surname  No.-810565352, email=email@mail No.-240179615))
2024-02-27 15:05:57 INFO  DaoImpl:89 - Object saved successfully: Student(super=Person(id=36, name=Name No.-1655903806, surname=Surname  No.-810565352, email=email@mail No.-240179615))
2024-02-27 15:05:57 INFO  StudentServiceImpl:43 - Student Student(super=Person(id=36, name=Name No.-1655903806, surname=Surname  No.-810565352, email=email@mail No.-240179615)) check in course Course(id=37, title=Title No.1169079867, professor=Professor(super=Person(id=11, name=Name No.236464440, surname=Surname  No.-951414445, email=email@mail No.-1924141020)), createdDate=2024-02-27T15:05:57.271348)
2024-02-27 15:05:57 INFO  DaoImpl:89 - Object updated successfully: Student(super=Person(id=36, name=Name No.-1655903806, surname=Surname  No.-810565352, email=email@mail No.-240179615))
2024-02-27 15:05:57 INFO  StudentServiceImpl:43 - Student Student(super=Person(id=36, name=Name No.-1655903806, surname=Surname  No.-810565352, email=email@mail No.-240179615)) check in course Course(id=38, title=Title No.1277652225, professor=Professor(super=Person(id=11, name=Name No.236464440, surname=Surname  No.-951414445, email=email@mail No.-1924141020)), createdDate=2024-02-27T15:05:57.282557100)
2024-02-27 15:05:57 INFO  DaoImpl:89 - Object updated successfully: Student(super=Person(id=36, name=Name No.-1655903806, surname=Surname  No.-810565352, email=email@mail No.-240179615))
2024-02-27 15:05:57 INFO  StudentServiceImpl:43 - Student Student(super=Person(id=36, name=Name No.-1655903806, surname=Surname  No.-810565352, email=email@mail No.-240179615)) check in course Course(id=39, title=Title No.-1849182133, professor=Professor(super=Person(id=11, name=Name No.236464440, surname=Surname  No.-951414445, email=email@mail No.-1924141020)), createdDate=2024-02-27T15:05:57.289296300)
2024-02-27 15:05:57 INFO  DaoImpl:89 - Object updated successfully: Student(super=Person(id=36, name=Name No.-1655903806, surname=Surname  No.-810565352, email=email@mail No.-240179615))
2024-02-27 15:05:57 INFO  StudentServiceImpl:43 - Student Student(super=Person(id=36, name=Name No.-1655903806, surname=Surname  No.-810565352, email=email@mail No.-240179615)) check in course Course(id=40, title=Title No.-980155517, professor=Professor(super=Person(id=11, name=Name No.236464440, surname=Surname  No.-951414445, email=email@mail No.-1924141020)), createdDate=2024-02-27T15:05:57.295296900)
2024-02-27 15:05:57 INFO  DaoImpl:89 - Object updated successfully: Student(super=Person(id=36, name=Name No.-1655903806, surname=Surname  No.-810565352, email=email@mail No.-240179615))
2024-02-27 15:05:57 INFO  StudentServiceImpl:43 - Student Student(super=Person(id=36, name=Name No.-1655903806, surname=Surname  No.-810565352, email=email@mail No.-240179615)) check in course Course(id=41, title=Title No.1987166271, professor=Professor(super=Person(id=11, name=Name No.236464440, surname=Surname  No.-951414445, email=email@mail No.-1924141020)), createdDate=2024-02-27T15:05:57.302312800)
2024-02-27 15:05:57 INFO  DaoImpl:89 - Object updated successfully: Student(super=Person(id=36, name=Name No.-1655903806, surname=Surname  No.-810565352, email=email@mail No.-240179615))
2024-02-27 15:05:57 INFO  StudentServiceImpl:43 - Student Student(super=Person(id=36, name=Name No.-1655903806, surname=Surname  No.-810565352, email=email@mail No.-240179615)) check in course Course(id=42, title=Title No.-205151701, professor=Professor(super=Person(id=11, name=Name No.236464440, surname=Surname  No.-951414445, email=email@mail No.-1924141020)), createdDate=2024-02-27T15:05:57.315285500)
2024-02-27 15:05:57 INFO  DaoImpl:89 - Object updated successfully: Student(super=Person(id=36, name=Name No.-1655903806, surname=Surname  No.-810565352, email=email@mail No.-240179615))
2024-02-27 15:05:57 INFO  AdminServiceImpl:39 - Object created: Student(super=Person(id=null, name=Name No.-2002725006, surname=Surname  No.-559556404, email=email@mail No.266090433))
2024-02-27 15:05:57 INFO  DaoImpl:89 - Object saved successfully: Student(super=Person(id=37, name=Name No.-2002725006, surname=Surname  No.-559556404, email=email@mail No.266090433))
2024-02-27 15:05:57 INFO  StudentServiceImpl:43 - Student Student(super=Person(id=37, name=Name No.-2002725006, surname=Surname  No.-559556404, email=email@mail No.266090433)) check in course Course(id=37, title=Title No.1169079867, professor=Professor(super=Person(id=11, name=Name No.236464440, surname=Surname  No.-951414445, email=email@mail No.-1924141020)), createdDate=2024-02-27T15:05:57.271348)
2024-02-27 15:05:57 INFO  DaoImpl:89 - Object updated successfully: Student(super=Person(id=37, name=Name No.-2002725006, surname=Surname  No.-559556404, email=email@mail No.266090433))
2024-02-27 15:05:57 INFO  StudentServiceImpl:43 - Student Student(super=Person(id=37, name=Name No.-2002725006, surname=Surname  No.-559556404, email=email@mail No.266090433)) check in course Course(id=38, title=Title No.1277652225, professor=Professor(super=Person(id=11, name=Name No.236464440, surname=Surname  No.-951414445, email=email@mail No.-1924141020)), createdDate=2024-02-27T15:05:57.282557100)
2024-02-27 15:05:57 INFO  DaoImpl:89 - Object updated successfully: Student(super=Person(id=37, name=Name No.-2002725006, surname=Surname  No.-559556404, email=email@mail No.266090433))
2024-02-27 15:05:57 INFO  StudentServiceImpl:43 - Student Student(super=Person(id=37, name=Name No.-2002725006, surname=Surname  No.-559556404, email=email@mail No.266090433)) check in course Course(id=39, title=Title No.-1849182133, professor=Professor(super=Person(id=11, name=Name No.236464440, surname=Surname  No.-951414445, email=email@mail No.-1924141020)), createdDate=2024-02-27T15:05:57.289296300)
2024-02-27 15:05:57 INFO  DaoImpl:89 - Object updated successfully: Student(super=Person(id=37, name=Name No.-2002725006, surname=Surname  No.-559556404, email=email@mail No.266090433))
2024-02-27 15:05:57 INFO  StudentServiceImpl:43 - Student Student(super=Person(id=37, name=Name No.-2002725006, surname=Surname  No.-559556404, email=email@mail No.266090433)) check in course Course(id=40, title=Title No.-980155517, professor=Professor(super=Person(id=11, name=Name No.236464440, surname=Surname  No.-951414445, email=email@mail No.-1924141020)), createdDate=2024-02-27T15:05:57.295296900)
2024-02-27 15:05:57 INFO  DaoImpl:89 - Object updated successfully: Student(super=Person(id=37, name=Name No.-2002725006, surname=Surname  No.-559556404, email=email@mail No.266090433))
2024-02-27 15:05:57 INFO  StudentServiceImpl:43 - Student Student(super=Person(id=37, name=Name No.-2002725006, surname=Surname  No.-559556404, email=email@mail No.266090433)) check in course Course(id=41, title=Title No.1987166271, professor=Professor(super=Person(id=11, name=Name No.236464440, surname=Surname  No.-951414445, email=email@mail No.-1924141020)), createdDate=2024-02-27T15:05:57.302312800)
2024-02-27 15:05:57 INFO  DaoImpl:89 - Object updated successfully: Student(super=Person(id=37, name=Name No.-2002725006, surname=Surname  No.-559556404, email=email@mail No.266090433))
2024-02-27 15:05:57 INFO  StudentServiceImpl:43 - Student Student(super=Person(id=37, name=Name No.-2002725006, surname=Surname  No.-559556404, email=email@mail No.266090433)) check in course Course(id=42, title=Title No.-205151701, professor=Professor(super=Person(id=11, name=Name No.236464440, surname=Surname  No.-951414445, email=email@mail No.-1924141020)), createdDate=2024-02-27T15:05:57.315285500)
2024-02-27 15:05:57 INFO  DaoImpl:89 - Object updated successfully: Student(super=Person(id=37, name=Name No.-2002725006, surname=Surname  No.-559556404, email=email@mail No.266090433))
2024-02-27 15:05:57 INFO  ProfessorServiceImpl:62 - Object created: Task(id=null, title=Title No.1820558239, createdDate=null, description=Description No.1556111605, course=Course(id=37, title=Title No.1169079867, professor=Professor(super=Person(id=11, name=Name No.236464440, surname=Surname  No.-951414445, email=email@mail No.-1924141020)), createdDate=2024-02-27T15:05:57.271348))
2024-02-27 15:05:57 INFO  DaoImpl:89 - Object updated successfully: Task(id=null, title=Title No.1820558239, createdDate=null, description=Description No.1556111605, course=Course(id=37, title=Title No.1169079867, professor=Professor(super=Person(id=11, name=Name No.236464440, surname=Surname  No.-951414445, email=email@mail No.-1924141020)), createdDate=2024-02-27T15:05:57.271348))
2024-02-27 15:05:57 INFO  ProfessorServiceImpl:62 - Object created: Task(id=null, title=Title No.1479744645, createdDate=null, description=Description No.-969000131, course=Course(id=38, title=Title No.1277652225, professor=Professor(super=Person(id=11, name=Name No.236464440, surname=Surname  No.-951414445, email=email@mail No.-1924141020)), createdDate=2024-02-27T15:05:57.282557100))
2024-02-27 15:05:57 INFO  DaoImpl:89 - Object updated successfully: Task(id=null, title=Title No.1479744645, createdDate=null, description=Description No.-969000131, course=Course(id=38, title=Title No.1277652225, professor=Professor(super=Person(id=11, name=Name No.236464440, surname=Surname  No.-951414445, email=email@mail No.-1924141020)), createdDate=2024-02-27T15:05:57.282557100))
2024-02-27 15:05:57 INFO  ProfessorServiceImpl:62 - Object created: Task(id=null, title=Title No.-1363106164, createdDate=null, description=Description No.1680197960, course=Course(id=39, title=Title No.-1849182133, professor=Professor(super=Person(id=11, name=Name No.236464440, surname=Surname  No.-951414445, email=email@mail No.-1924141020)), createdDate=2024-02-27T15:05:57.289296300))
2024-02-27 15:05:57 INFO  DaoImpl:89 - Object updated successfully: Task(id=null, title=Title No.-1363106164, createdDate=null, description=Description No.1680197960, course=Course(id=39, title=Title No.-1849182133, professor=Professor(super=Person(id=11, name=Name No.236464440, surname=Surname  No.-951414445, email=email@mail No.-1924141020)), createdDate=2024-02-27T15:05:57.289296300))
2024-02-27 15:05:57 INFO  ProfessorServiceImpl:62 - Object created: Task(id=null, title=Title No.-1265354125, createdDate=null, description=Description No.-549232123, course=Course(id=40, title=Title No.-980155517, professor=Professor(super=Person(id=11, name=Name No.236464440, surname=Surname  No.-951414445, email=email@mail No.-1924141020)), createdDate=2024-02-27T15:05:57.295296900))
2024-02-27 15:05:57 INFO  DaoImpl:89 - Object updated successfully: Task(id=null, title=Title No.-1265354125, createdDate=null, description=Description No.-549232123, course=Course(id=40, title=Title No.-980155517, professor=Professor(super=Person(id=11, name=Name No.236464440, surname=Surname  No.-951414445, email=email@mail No.-1924141020)), createdDate=2024-02-27T15:05:57.295296900))
2024-02-27 15:05:57 INFO  ProfessorServiceImpl:62 - Object created: Task(id=null, title=Title No.185013204, createdDate=null, description=Description No.-1095110324, course=Course(id=41, title=Title No.1987166271, professor=Professor(super=Person(id=11, name=Name No.236464440, surname=Surname  No.-951414445, email=email@mail No.-1924141020)), createdDate=2024-02-27T15:05:57.302312800))
2024-02-27 15:05:57 INFO  DaoImpl:89 - Object updated successfully: Task(id=null, title=Title No.185013204, createdDate=null, description=Description No.-1095110324, course=Course(id=41, title=Title No.1987166271, professor=Professor(super=Person(id=11, name=Name No.236464440, surname=Surname  No.-951414445, email=email@mail No.-1924141020)), createdDate=2024-02-27T15:05:57.302312800))
2024-02-27 15:05:57 INFO  ProfessorServiceImpl:62 - Object created: Task(id=null, title=Title No.1777722767, createdDate=null, description=Description No.-519428063, course=Course(id=42, title=Title No.-205151701, professor=Professor(super=Person(id=11, name=Name No.236464440, surname=Surname  No.-951414445, email=email@mail No.-1924141020)), createdDate=2024-02-27T15:05:57.315285500))
2024-02-27 15:05:57 INFO  DaoImpl:89 - Object updated successfully: Task(id=null, title=Title No.1777722767, createdDate=null, description=Description No.-519428063, course=Course(id=42, title=Title No.-205151701, professor=Professor(super=Person(id=11, name=Name No.236464440, surname=Surname  No.-951414445, email=email@mail No.-1924141020)), createdDate=2024-02-27T15:05:57.315285500))
2024-02-27 15:05:57 INFO  DaoImpl:89 - Object saved successfully: Solution(id=31, task=Task(id=35, title=Title No.1820558239, createdDate=2024-02-27 15:05:57.687, description=Description No.1556111605, course=Course(id=37, title=Title No.1169079867, professor=Professor(super=Person(id=11, name=Name No.236464440, surname=Surname  No.-951414445, email=email@mail No.-1924141020)), createdDate=2024-02-27T15:05:57.271348)), student=Student(super=Person(id=32, name=Name No.-916133065, surname=Surname  No.-2051243193, email=email@mail No.-1185751073)), response=null, review=null, readyForReview=false, mark=null, createdDate=2024-02-27 15:05:57.889, updatedDate=2024-02-27 15:05:57.889)
2024-02-27 15:05:57 INFO  StudentServiceImpl:78 - Object created: Solution(id=31, task=Task(id=35, title=Title No.1820558239, createdDate=2024-02-27 15:05:57.687, description=Description No.1556111605, course=Course(id=37, title=Title No.1169079867, professor=Professor(super=Person(id=11, name=Name No.236464440, surname=Surname  No.-951414445, email=email@mail No.-1924141020)), createdDate=2024-02-27T15:05:57.271348)), student=Student(super=Person(id=32, name=Name No.-916133065, surname=Surname  No.-2051243193, email=email@mail No.-1185751073)), response=null, review=null, readyForReview=false, mark=null, createdDate=2024-02-27 15:05:57.889, updatedDate=2024-02-27 15:05:57.889)
2024-02-27 15:05:57 INFO  DaoImpl:89 - Object updated successfully: Solution(id=31, task=Task(id=35, title=Title No.1820558239, createdDate=2024-02-27 15:05:57.687, description=Description No.1556111605, course=Course(id=37, title=Title No.1169079867, professor=Professor(super=Person(id=11, name=Name No.236464440, surname=Surname  No.-951414445, email=email@mail No.-1924141020)), createdDate=2024-02-27T15:05:57.271348)), student=Student(super=Person(id=32, name=Name No.-916133065, surname=Surname  No.-2051243193, email=email@mail No.-1185751073)), response=Response No.-388139797, review=null, readyForReview=true, mark=null, createdDate=2024-02-27 15:05:57.889, updatedDate=2024-02-27 15:05:57.889)
2024-02-27 15:05:57 INFO  StudentServiceImpl:92 - Object updated: Solution(id=31, task=Task(id=35, title=Title No.1820558239, createdDate=2024-02-27 15:05:57.687, description=Description No.1556111605, course=Course(id=37, title=Title No.1169079867, professor=Professor(super=Person(id=11, name=Name No.236464440, surname=Surname  No.-951414445, email=email@mail No.-1924141020)), createdDate=2024-02-27T15:05:57.271348)), student=Student(super=Person(id=32, name=Name No.-916133065, surname=Surname  No.-2051243193, email=email@mail No.-1185751073)), response=Response No.-388139797, review=null, readyForReview=true, mark=null, createdDate=2024-02-27 15:05:57.889, updatedDate=2024-02-27 15:05:57.94)
2024-02-27 15:05:57 INFO  DaoImpl:89 - Object saved successfully: Solution(id=32, task=Task(id=36, title=Title No.1479744645, createdDate=2024-02-27 15:05:57.698, description=Description No.-969000131, course=Course(id=38, title=Title No.1277652225, professor=Professor(super=Person(id=11, name=Name No.236464440, surname=Surname  No.-951414445, email=email@mail No.-1924141020)), createdDate=2024-02-27T15:05:57.282557)), student=Student(super=Person(id=33, name=Name No.165384322, surname=Surname  No.166256103, email=email@mail No.-1177367897)), response=null, review=null, readyForReview=false, mark=null, createdDate=2024-02-27 15:05:57.962, updatedDate=2024-02-27 15:05:57.962)
2024-02-27 15:05:57 INFO  StudentServiceImpl:78 - Object created: Solution(id=32, task=Task(id=36, title=Title No.1479744645, createdDate=2024-02-27 15:05:57.698, description=Description No.-969000131, course=Course(id=38, title=Title No.1277652225, professor=Professor(super=Person(id=11, name=Name No.236464440, surname=Surname  No.-951414445, email=email@mail No.-1924141020)), createdDate=2024-02-27T15:05:57.282557)), student=Student(super=Person(id=33, name=Name No.165384322, surname=Surname  No.166256103, email=email@mail No.-1177367897)), response=null, review=null, readyForReview=false, mark=null, createdDate=2024-02-27 15:05:57.962, updatedDate=2024-02-27 15:05:57.962)
2024-02-27 15:05:57 INFO  DaoImpl:89 - Object updated successfully: Solution(id=32, task=Task(id=36, title=Title No.1479744645, createdDate=2024-02-27 15:05:57.698, description=Description No.-969000131, course=Course(id=38, title=Title No.1277652225, professor=Professor(super=Person(id=11, name=Name No.236464440, surname=Surname  No.-951414445, email=email@mail No.-1924141020)), createdDate=2024-02-27T15:05:57.282557)), student=Student(super=Person(id=33, name=Name No.165384322, surname=Surname  No.166256103, email=email@mail No.-1177367897)), response=Response No.1791203678, review=null, readyForReview=false, mark=null, createdDate=2024-02-27 15:05:57.962, updatedDate=2024-02-27 15:05:57.962)
2024-02-27 15:05:57 INFO  StudentServiceImpl:92 - Object updated: Solution(id=32, task=Task(id=36, title=Title No.1479744645, createdDate=2024-02-27 15:05:57.698, description=Description No.-969000131, course=Course(id=38, title=Title No.1277652225, professor=Professor(super=Person(id=11, name=Name No.236464440, surname=Surname  No.-951414445, email=email@mail No.-1924141020)), createdDate=2024-02-27T15:05:57.282557)), student=Student(super=Person(id=33, name=Name No.165384322, surname=Surname  No.166256103, email=email@mail No.-1177367897)), response=Response No.1791203678, review=null, readyForReview=false, mark=null, createdDate=2024-02-27 15:05:57.962, updatedDate=2024-02-27 15:05:57.971)
2024-02-27 15:05:58 INFO  DaoImpl:89 - Object saved successfully: Solution(id=33, task=Task(id=37, title=Title No.-1363106164, createdDate=2024-02-27 15:05:57.714, description=Description No.1680197960, course=Course(id=39, title=Title No.-1849182133, professor=Professor(super=Person(id=11, name=Name No.236464440, surname=Surname  No.-951414445, email=email@mail No.-1924141020)), createdDate=2024-02-27T15:05:57.289296)), student=Student(super=Person(id=34, name=Name No.1899730011, surname=Surname  No.-366128268, email=email@mail No.-1030917473)), response=null, review=null, readyForReview=false, mark=null, createdDate=2024-02-27 15:05:57.994, updatedDate=2024-02-27 15:05:57.994)
2024-02-27 15:05:58 INFO  StudentServiceImpl:78 - Object created: Solution(id=33, task=Task(id=37, title=Title No.-1363106164, createdDate=2024-02-27 15:05:57.714, description=Description No.1680197960, course=Course(id=39, title=Title No.-1849182133, professor=Professor(super=Person(id=11, name=Name No.236464440, surname=Surname  No.-951414445, email=email@mail No.-1924141020)), createdDate=2024-02-27T15:05:57.289296)), student=Student(super=Person(id=34, name=Name No.1899730011, surname=Surname  No.-366128268, email=email@mail No.-1030917473)), response=null, review=null, readyForReview=false, mark=null, createdDate=2024-02-27 15:05:57.994, updatedDate=2024-02-27 15:05:57.994)
2024-02-27 15:05:58 INFO  DaoImpl:89 - Object updated successfully: Solution(id=33, task=Task(id=37, title=Title No.-1363106164, createdDate=2024-02-27 15:05:57.714, description=Description No.1680197960, course=Course(id=39, title=Title No.-1849182133, professor=Professor(super=Person(id=11, name=Name No.236464440, surname=Surname  No.-951414445, email=email@mail No.-1924141020)), createdDate=2024-02-27T15:05:57.289296)), student=Student(super=Person(id=34, name=Name No.1899730011, surname=Surname  No.-366128268, email=email@mail No.-1030917473)), response=Response No.-112092612, review=null, readyForReview=true, mark=null, createdDate=2024-02-27 15:05:57.994, updatedDate=2024-02-27 15:05:57.994)
2024-02-27 15:05:58 INFO  StudentServiceImpl:92 - Object updated: Solution(id=33, task=Task(id=37, title=Title No.-1363106164, createdDate=2024-02-27 15:05:57.714, description=Description No.1680197960, course=Course(id=39, title=Title No.-1849182133, professor=Professor(super=Person(id=11, name=Name No.236464440, surname=Surname  No.-951414445, email=email@mail No.-1924141020)), createdDate=2024-02-27T15:05:57.289296)), student=Student(super=Person(id=34, name=Name No.1899730011, surname=Surname  No.-366128268, email=email@mail No.-1030917473)), response=Response No.-112092612, review=null, readyForReview=true, mark=null, createdDate=2024-02-27 15:05:57.994, updatedDate=2024-02-27 15:05:58.021)
2024-02-27 15:05:58 INFO  DaoImpl:89 - Object saved successfully: Solution(id=34, task=Task(id=38, title=Title No.-1265354125, createdDate=2024-02-27 15:05:57.721, description=Description No.-549232123, course=Course(id=40, title=Title No.-980155517, professor=Professor(super=Person(id=11, name=Name No.236464440, surname=Surname  No.-951414445, email=email@mail No.-1924141020)), createdDate=2024-02-27T15:05:57.295297)), student=Student(super=Person(id=35, name=Name No.1504832953, surname=Surname  No.-572802795, email=email@mail No.-1827370984)), response=null, review=null, readyForReview=false, mark=null, createdDate=2024-02-27 15:05:58.056, updatedDate=2024-02-27 15:05:58.056)
2024-02-27 15:05:58 INFO  StudentServiceImpl:78 - Object created: Solution(id=34, task=Task(id=38, title=Title No.-1265354125, createdDate=2024-02-27 15:05:57.721, description=Description No.-549232123, course=Course(id=40, title=Title No.-980155517, professor=Professor(super=Person(id=11, name=Name No.236464440, surname=Surname  No.-951414445, email=email@mail No.-1924141020)), createdDate=2024-02-27T15:05:57.295297)), student=Student(super=Person(id=35, name=Name No.1504832953, surname=Surname  No.-572802795, email=email@mail No.-1827370984)), response=null, review=null, readyForReview=false, mark=null, createdDate=2024-02-27 15:05:58.056, updatedDate=2024-02-27 15:05:58.056)
2024-02-27 15:05:58 INFO  DaoImpl:89 - Object updated successfully: Solution(id=34, task=Task(id=38, title=Title No.-1265354125, createdDate=2024-02-27 15:05:57.721, description=Description No.-549232123, course=Course(id=40, title=Title No.-980155517, professor=Professor(super=Person(id=11, name=Name No.236464440, surname=Surname  No.-951414445, email=email@mail No.-1924141020)), createdDate=2024-02-27T15:05:57.295297)), student=Student(super=Person(id=35, name=Name No.1504832953, surname=Surname  No.-572802795, email=email@mail No.-1827370984)), response=Response No.1552190993, review=null, readyForReview=false, mark=null, createdDate=2024-02-27 15:05:58.056, updatedDate=2024-02-27 15:05:58.056)
2024-02-27 15:05:58 INFO  StudentServiceImpl:92 - Object updated: Solution(id=34, task=Task(id=38, title=Title No.-1265354125, createdDate=2024-02-27 15:05:57.721, description=Description No.-549232123, course=Course(id=40, title=Title No.-980155517, professor=Professor(super=Person(id=11, name=Name No.236464440, surname=Surname  No.-951414445, email=email@mail No.-1924141020)), createdDate=2024-02-27T15:05:57.295297)), student=Student(super=Person(id=35, name=Name No.1504832953, surname=Surname  No.-572802795, email=email@mail No.-1827370984)), response=Response No.1552190993, review=null, readyForReview=false, mark=null, createdDate=2024-02-27 15:05:58.056, updatedDate=2024-02-27 15:05:58.088)
2024-02-27 15:05:58 INFO  DaoImpl:89 - Object saved successfully: Solution(id=35, task=Task(id=39, title=Title No.185013204, createdDate=2024-02-27 15:05:57.73, description=Description No.-1095110324, course=Course(id=41, title=Title No.1987166271, professor=Professor(super=Person(id=11, name=Name No.236464440, surname=Surname  No.-951414445, email=email@mail No.-1924141020)), createdDate=2024-02-27T15:05:57.302313)), student=Student(super=Person(id=36, name=Name No.-1655903806, surname=Surname  No.-810565352, email=email@mail No.-240179615)), response=null, review=null, readyForReview=false, mark=null, createdDate=2024-02-27 15:05:58.123, updatedDate=2024-02-27 15:05:58.123)
2024-02-27 15:05:58 INFO  StudentServiceImpl:78 - Object created: Solution(id=35, task=Task(id=39, title=Title No.185013204, createdDate=2024-02-27 15:05:57.73, description=Description No.-1095110324, course=Course(id=41, title=Title No.1987166271, professor=Professor(super=Person(id=11, name=Name No.236464440, surname=Surname  No.-951414445, email=email@mail No.-1924141020)), createdDate=2024-02-27T15:05:57.302313)), student=Student(super=Person(id=36, name=Name No.-1655903806, surname=Surname  No.-810565352, email=email@mail No.-240179615)), response=null, review=null, readyForReview=false, mark=null, createdDate=2024-02-27 15:05:58.123, updatedDate=2024-02-27 15:05:58.123)
2024-02-27 15:05:58 INFO  DaoImpl:89 - Object updated successfully: Solution(id=35, task=Task(id=39, title=Title No.185013204, createdDate=2024-02-27 15:05:57.73, description=Description No.-1095110324, course=Course(id=41, title=Title No.1987166271, professor=Professor(super=Person(id=11, name=Name No.236464440, surname=Surname  No.-951414445, email=email@mail No.-1924141020)), createdDate=2024-02-27T15:05:57.302313)), student=Student(super=Person(id=36, name=Name No.-1655903806, surname=Surname  No.-810565352, email=email@mail No.-240179615)), response=Response No.1029642012, review=null, readyForReview=true, mark=null, createdDate=2024-02-27 15:05:58.123, updatedDate=2024-02-27 15:05:58.123)
2024-02-27 15:05:58 INFO  StudentServiceImpl:92 - Object updated: Solution(id=35, task=Task(id=39, title=Title No.185013204, createdDate=2024-02-27 15:05:57.73, description=Description No.-1095110324, course=Course(id=41, title=Title No.1987166271, professor=Professor(super=Person(id=11, name=Name No.236464440, surname=Surname  No.-951414445, email=email@mail No.-1924141020)), createdDate=2024-02-27T15:05:57.302313)), student=Student(super=Person(id=36, name=Name No.-1655903806, surname=Surname  No.-810565352, email=email@mail No.-240179615)), response=Response No.1029642012, review=null, readyForReview=true, mark=null, createdDate=2024-02-27 15:05:58.123, updatedDate=2024-02-27 15:05:58.157)
2024-02-27 15:05:58 INFO  DaoImpl:89 - Object saved successfully: Solution(id=36, task=Task(id=40, title=Title No.1777722767, createdDate=2024-02-27 15:05:57.74, description=Description No.-519428063, course=Course(id=42, title=Title No.-205151701, professor=Professor(super=Person(id=11, name=Name No.236464440, surname=Surname  No.-951414445, email=email@mail No.-1924141020)), createdDate=2024-02-27T15:05:57.315286)), student=Student(super=Person(id=37, name=Name No.-2002725006, surname=Surname  No.-559556404, email=email@mail No.266090433)), response=null, review=null, readyForReview=false, mark=null, createdDate=2024-02-27 15:05:58.199, updatedDate=2024-02-27 15:05:58.199)
2024-02-27 15:05:58 INFO  StudentServiceImpl:78 - Object created: Solution(id=36, task=Task(id=40, title=Title No.1777722767, createdDate=2024-02-27 15:05:57.74, description=Description No.-519428063, course=Course(id=42, title=Title No.-205151701, professor=Professor(super=Person(id=11, name=Name No.236464440, surname=Surname  No.-951414445, email=email@mail No.-1924141020)), createdDate=2024-02-27T15:05:57.315286)), student=Student(super=Person(id=37, name=Name No.-2002725006, surname=Surname  No.-559556404, email=email@mail No.266090433)), response=null, review=null, readyForReview=false, mark=null, createdDate=2024-02-27 15:05:58.199, updatedDate=2024-02-27 15:05:58.199)
2024-02-27 15:05:58 INFO  DaoImpl:89 - Object updated successfully: Solution(id=36, task=Task(id=40, title=Title No.1777722767, createdDate=2024-02-27 15:05:57.74, description=Description No.-519428063, course=Course(id=42, title=Title No.-205151701, professor=Professor(super=Person(id=11, name=Name No.236464440, surname=Surname  No.-951414445, email=email@mail No.-1924141020)), createdDate=2024-02-27T15:05:57.315286)), student=Student(super=Person(id=37, name=Name No.-2002725006, surname=Surname  No.-559556404, email=email@mail No.266090433)), response=Response No.-338725671, review=null, readyForReview=false, mark=null, createdDate=2024-02-27 15:05:58.199, updatedDate=2024-02-27 15:05:58.199)
2024-02-27 15:05:58 INFO  StudentServiceImpl:92 - Object updated: Solution(id=36, task=Task(id=40, title=Title No.1777722767, createdDate=2024-02-27 15:05:57.74, description=Description No.-519428063, course=Course(id=42, title=Title No.-205151701, professor=Professor(super=Person(id=11, name=Name No.236464440, surname=Surname  No.-951414445, email=email@mail No.-1924141020)), createdDate=2024-02-27T15:05:57.315286)), student=Student(super=Person(id=37, name=Name No.-2002725006, surname=Surname  No.-559556404, email=email@mail No.266090433)), response=Response No.-338725671, review=null, readyForReview=false, mark=null, createdDate=2024-02-27 15:05:58.199, updatedDate=2024-02-27 15:05:58.213)
2024-02-27 15:05:58 INFO  ProfessorServiceImpl:85 - Object updated: Solution(id=31, task=Task(id=35, title=Title No.1820558239, createdDate=2024-02-27 15:05:57.687, description=Description No.1556111605, course=Course(id=37, title=Title No.1169079867, professor=Professor(super=Person(id=11, name=Name No.236464440, surname=Surname  No.-951414445, email=email@mail No.-1924141020)), createdDate=2024-02-27T15:05:57.271348)), student=Student(super=Person(id=32, name=Name No.-916133065, surname=Surname  No.-2051243193, email=email@mail No.-1185751073)), response=Response No.-388139797, review=Review No.-160004748, readyForReview=true, mark=5, createdDate=2024-02-27 15:05:57.889, updatedDate=2024-02-27 15:05:57.94)
2024-02-27 15:05:58 INFO  DaoImpl:89 - Object updated successfully: Solution(id=31, task=Task(id=35, title=Title No.1820558239, createdDate=2024-02-27 15:05:57.687, description=Description No.1556111605, course=Course(id=37, title=Title No.1169079867, professor=Professor(super=Person(id=11, name=Name No.236464440, surname=Surname  No.-951414445, email=email@mail No.-1924141020)), createdDate=2024-02-27T15:05:57.271348)), student=Student(super=Person(id=32, name=Name No.-916133065, surname=Surname  No.-2051243193, email=email@mail No.-1185751073)), response=Response No.-388139797, review=Review No.-160004748, readyForReview=true, mark=5, createdDate=2024-02-27 15:05:57.889, updatedDate=2024-02-27 15:05:57.94)
2024-02-27 15:05:58 INFO  ProfessorServiceImpl:85 - Object updated: Solution(id=33, task=Task(id=37, title=Title No.-1363106164, createdDate=2024-02-27 15:05:57.714, description=Description No.1680197960, course=Course(id=39, title=Title No.-1849182133, professor=Professor(super=Person(id=11, name=Name No.236464440, surname=Surname  No.-951414445, email=email@mail No.-1924141020)), createdDate=2024-02-27T15:05:57.289296)), student=Student(super=Person(id=34, name=Name No.1899730011, surname=Surname  No.-366128268, email=email@mail No.-1030917473)), response=Response No.-112092612, review=Review No.-1796521487, readyForReview=true, mark=5, createdDate=2024-02-27 15:05:57.994, updatedDate=2024-02-27 15:05:58.021)
2024-02-27 15:05:58 INFO  DaoImpl:89 - Object updated successfully: Solution(id=33, task=Task(id=37, title=Title No.-1363106164, createdDate=2024-02-27 15:05:57.714, description=Description No.1680197960, course=Course(id=39, title=Title No.-1849182133, professor=Professor(super=Person(id=11, name=Name No.236464440, surname=Surname  No.-951414445, email=email@mail No.-1924141020)), createdDate=2024-02-27T15:05:57.289296)), student=Student(super=Person(id=34, name=Name No.1899730011, surname=Surname  No.-366128268, email=email@mail No.-1030917473)), response=Response No.-112092612, review=Review No.-1796521487, readyForReview=true, mark=5, createdDate=2024-02-27 15:05:57.994, updatedDate=2024-02-27 15:05:58.021)
2024-02-27 15:05:58 INFO  ProfessorServiceImpl:85 - Object updated: Solution(id=35, task=Task(id=39, title=Title No.185013204, createdDate=2024-02-27 15:05:57.73, description=Description No.-1095110324, course=Course(id=41, title=Title No.1987166271, professor=Professor(super=Person(id=11, name=Name No.236464440, surname=Surname  No.-951414445, email=email@mail No.-1924141020)), createdDate=2024-02-27T15:05:57.302313)), student=Student(super=Person(id=36, name=Name No.-1655903806, surname=Surname  No.-810565352, email=email@mail No.-240179615)), response=Response No.1029642012, review=Review No.1936377825, readyForReview=true, mark=5, createdDate=2024-02-27 15:05:58.123, updatedDate=2024-02-27 15:05:58.157)
2024-02-27 15:05:58 INFO  DaoImpl:89 - Object updated successfully: Solution(id=35, task=Task(id=39, title=Title No.185013204, createdDate=2024-02-27 15:05:57.73, description=Description No.-1095110324, course=Course(id=41, title=Title No.1987166271, professor=Professor(super=Person(id=11, name=Name No.236464440, surname=Surname  No.-951414445, email=email@mail No.-1924141020)), createdDate=2024-02-27T15:05:57.302313)), student=Student(super=Person(id=36, name=Name No.-1655903806, surname=Surname  No.-810565352, email=email@mail No.-240179615)), response=Response No.1029642012, review=Review No.1936377825, readyForReview=true, mark=5, createdDate=2024-02-27 15:05:58.123, updatedDate=2024-02-27 15:05:58.157)
2024-02-27 15:05:58 INFO  ProfessorServiceImpl:85 - Object updated: Solution(id=31, task=Task(id=35, title=Title No.1820558239, createdDate=2024-02-27 15:05:57.687, description=Description No.1556111605, course=Course(id=37, title=Title No.1169079867, professor=Professor(super=Person(id=11, name=Name No.236464440, surname=Surname  No.-951414445, email=email@mail No.-1924141020)), createdDate=2024-02-27T15:05:57.271348)), student=Student(super=Person(id=32, name=Name No.-916133065, surname=Surname  No.-2051243193, email=email@mail No.-1185751073)), response=Response No.-388139797, review=Review No.906457566, readyForReview=true, mark=5, createdDate=2024-02-27 15:05:57.889, updatedDate=2024-02-27 15:05:58.234)
2024-02-27 15:05:58 INFO  DaoImpl:89 - Object updated successfully: Solution(id=31, task=Task(id=35, title=Title No.1820558239, createdDate=2024-02-27 15:05:57.687, description=Description No.1556111605, course=Course(id=37, title=Title No.1169079867, professor=Professor(super=Person(id=11, name=Name No.236464440, surname=Surname  No.-951414445, email=email@mail No.-1924141020)), createdDate=2024-02-27T15:05:57.271348)), student=Student(super=Person(id=32, name=Name No.-916133065, surname=Surname  No.-2051243193, email=email@mail No.-1185751073)), response=Response No.-388139797, review=Review No.906457566, readyForReview=true, mark=5, createdDate=2024-02-27 15:05:57.889, updatedDate=2024-02-27 15:05:58.234)
2024-02-27 15:05:58 INFO  ProfessorServiceImpl:85 - Object updated: Solution(id=32, task=Task(id=36, title=Title No.1479744645, createdDate=2024-02-27 15:05:57.698, description=Description No.-969000131, course=Course(id=38, title=Title No.1277652225, professor=Professor(super=Person(id=11, name=Name No.236464440, surname=Surname  No.-951414445, email=email@mail No.-1924141020)), createdDate=2024-02-27T15:05:57.282557)), student=Student(super=Person(id=33, name=Name No.165384322, surname=Surname  No.166256103, email=email@mail No.-1177367897)), response=Response No.1791203678, review=Review No.-950195388, readyForReview=false, mark=5, createdDate=2024-02-27 15:05:57.962, updatedDate=2024-02-27 15:05:57.971)
2024-02-27 15:05:58 INFO  DaoImpl:89 - Object updated successfully: Solution(id=32, task=Task(id=36, title=Title No.1479744645, createdDate=2024-02-27 15:05:57.698, description=Description No.-969000131, course=Course(id=38, title=Title No.1277652225, professor=Professor(super=Person(id=11, name=Name No.236464440, surname=Surname  No.-951414445, email=email@mail No.-1924141020)), createdDate=2024-02-27T15:05:57.282557)), student=Student(super=Person(id=33, name=Name No.165384322, surname=Surname  No.166256103, email=email@mail No.-1177367897)), response=Response No.1791203678, review=Review No.-950195388, readyForReview=false, mark=5, createdDate=2024-02-27 15:05:57.962, updatedDate=2024-02-27 15:05:57.971)
2024-02-27 15:05:58 INFO  ProfessorServiceImpl:85 - Object updated: Solution(id=33, task=Task(id=37, title=Title No.-1363106164, createdDate=2024-02-27 15:05:57.714, description=Description No.1680197960, course=Course(id=39, title=Title No.-1849182133, professor=Professor(super=Person(id=11, name=Name No.236464440, surname=Surname  No.-951414445, email=email@mail No.-1924141020)), createdDate=2024-02-27T15:05:57.289296)), student=Student(super=Person(id=34, name=Name No.1899730011, surname=Surname  No.-366128268, email=email@mail No.-1030917473)), response=Response No.-112092612, review=Review No.685225687, readyForReview=true, mark=5, createdDate=2024-02-27 15:05:57.994, updatedDate=2024-02-27 15:05:58.248)
2024-02-27 15:05:58 INFO  DaoImpl:89 - Object updated successfully: Solution(id=33, task=Task(id=37, title=Title No.-1363106164, createdDate=2024-02-27 15:05:57.714, description=Description No.1680197960, course=Course(id=39, title=Title No.-1849182133, professor=Professor(super=Person(id=11, name=Name No.236464440, surname=Surname  No.-951414445, email=email@mail No.-1924141020)), createdDate=2024-02-27T15:05:57.289296)), student=Student(super=Person(id=34, name=Name No.1899730011, surname=Surname  No.-366128268, email=email@mail No.-1030917473)), response=Response No.-112092612, review=Review No.685225687, readyForReview=true, mark=5, createdDate=2024-02-27 15:05:57.994, updatedDate=2024-02-27 15:05:58.248)
2024-02-27 15:05:58 INFO  ProfessorServiceImpl:85 - Object updated: Solution(id=34, task=Task(id=38, title=Title No.-1265354125, createdDate=2024-02-27 15:05:57.721, description=Description No.-549232123, course=Course(id=40, title=Title No.-980155517, professor=Professor(super=Person(id=11, name=Name No.236464440, surname=Surname  No.-951414445, email=email@mail No.-1924141020)), createdDate=2024-02-27T15:05:57.295297)), student=Student(super=Person(id=35, name=Name No.1504832953, surname=Surname  No.-572802795, email=email@mail No.-1827370984)), response=Response No.1552190993, review=Review No.619881077, readyForReview=false, mark=5, createdDate=2024-02-27 15:05:58.056, updatedDate=2024-02-27 15:05:58.088)
2024-02-27 15:05:58 INFO  DaoImpl:89 - Object updated successfully: Solution(id=34, task=Task(id=38, title=Title No.-1265354125, createdDate=2024-02-27 15:05:57.721, description=Description No.-549232123, course=Course(id=40, title=Title No.-980155517, professor=Professor(super=Person(id=11, name=Name No.236464440, surname=Surname  No.-951414445, email=email@mail No.-1924141020)), createdDate=2024-02-27T15:05:57.295297)), student=Student(super=Person(id=35, name=Name No.1504832953, surname=Surname  No.-572802795, email=email@mail No.-1827370984)), response=Response No.1552190993, review=Review No.619881077, readyForReview=false, mark=5, createdDate=2024-02-27 15:05:58.056, updatedDate=2024-02-27 15:05:58.088)
2024-02-27 15:05:58 INFO  ProfessorServiceImpl:85 - Object updated: Solution(id=35, task=Task(id=39, title=Title No.185013204, createdDate=2024-02-27 15:05:57.73, description=Description No.-1095110324, course=Course(id=41, title=Title No.1987166271, professor=Professor(super=Person(id=11, name=Name No.236464440, surname=Surname  No.-951414445, email=email@mail No.-1924141020)), createdDate=2024-02-27T15:05:57.302313)), student=Student(super=Person(id=36, name=Name No.-1655903806, surname=Surname  No.-810565352, email=email@mail No.-240179615)), response=Response No.1029642012, review=Review No.609237335, readyForReview=true, mark=5, createdDate=2024-02-27 15:05:58.123, updatedDate=2024-02-27 15:05:58.266)
2024-02-27 15:05:58 INFO  DaoImpl:89 - Object updated successfully: Solution(id=35, task=Task(id=39, title=Title No.185013204, createdDate=2024-02-27 15:05:57.73, description=Description No.-1095110324, course=Course(id=41, title=Title No.1987166271, professor=Professor(super=Person(id=11, name=Name No.236464440, surname=Surname  No.-951414445, email=email@mail No.-1924141020)), createdDate=2024-02-27T15:05:57.302313)), student=Student(super=Person(id=36, name=Name No.-1655903806, surname=Surname  No.-810565352, email=email@mail No.-240179615)), response=Response No.1029642012, review=Review No.609237335, readyForReview=true, mark=5, createdDate=2024-02-27 15:05:58.123, updatedDate=2024-02-27 15:05:58.266)
2024-02-27 15:05:58 INFO  ProfessorServiceImpl:85 - Object updated: Solution(id=36, task=Task(id=40, title=Title No.1777722767, createdDate=2024-02-27 15:05:57.74, description=Description No.-519428063, course=Course(id=42, title=Title No.-205151701, professor=Professor(super=Person(id=11, name=Name No.236464440, surname=Surname  No.-951414445, email=email@mail No.-1924141020)), createdDate=2024-02-27T15:05:57.315286)), student=Student(super=Person(id=37, name=Name No.-2002725006, surname=Surname  No.-559556404, email=email@mail No.266090433)), response=Response No.-338725671, review=Review No.-345341831, readyForReview=false, mark=5, createdDate=2024-02-27 15:05:58.199, updatedDate=2024-02-27 15:05:58.213)
2024-02-27 15:05:58 INFO  DaoImpl:89 - Object updated successfully: Solution(id=36, task=Task(id=40, title=Title No.1777722767, createdDate=2024-02-27 15:05:57.74, description=Description No.-519428063, course=Course(id=42, title=Title No.-205151701, professor=Professor(super=Person(id=11, name=Name No.236464440, surname=Surname  No.-951414445, email=email@mail No.-1924141020)), createdDate=2024-02-27T15:05:57.315286)), student=Student(super=Person(id=37, name=Name No.-2002725006, surname=Surname  No.-559556404, email=email@mail No.266090433)), response=Response No.-338725671, review=Review No.-345341831, readyForReview=false, mark=5, createdDate=2024-02-27 15:05:58.199, updatedDate=2024-02-27 15:05:58.213)
2024-02-27 15:06:09 INFO  AdminServiceImpl:105 - Object created: Course(id=null, title=Title No.2094911103, professor=null, createdDate=null)
2024-02-27 15:06:09 INFO  DaoImpl:89 - Object saved successfully: Course(id=43, title=Title No.2094911103, professor=null, createdDate=2024-02-27T15:06:09.475102500)
2024-02-27 15:07:32 INFO  AdminServiceImpl:27 - Object created: Professor(super=Person(id=null, name=Name No.671261352, surname=Surname  No.527444792, email=email@mail No.-1268880485))
2024-02-27 15:07:32 INFO  DaoImpl:89 - Object saved successfully: Professor(super=Person(id=12, name=Name No.671261352, surname=Surname  No.527444792, email=email@mail No.-1268880485))
2024-02-27 15:07:47 INFO  DaoImpl:89 - Object updated successfully: Course(id=37, title=Title No.971241770, professor=Professor(super=Person(id=11, name=Name No.236464440, surname=Surname  No.-951414445, email=email@mail No.-1924141020)), createdDate=2024-02-27T15:05:57.271348)
2024-02-27 15:08:07 INFO  DaoImpl:89 - Object updated successfully: Course(id=37, title=Title No.971241770, professor=Professor(super=Person(id=12, name=Name No.671261352, surname=Surname  No.527444792, email=email@mail No.-1268880485)), createdDate=2024-02-27T15:05:57.271348)
2024-02-27 15:09:13 INFO  DaoImpl:79 - EntityManager opened: SessionImpl(374740213<open>)
2024-02-27 15:09:33 INFO  ProfessorServiceImpl:85 - Object updated: Solution(id=33, task=Task(id=37, title=Title No.-1363106164, createdDate=2024-02-27 15:05:57.714, description=Description No.1680197960, course=Course(id=39, title=Title No.-1849182133, professor=Professor(super=Person(id=11, name=Name No.236464440, surname=Surname  No.-951414445, email=email@mail No.-1924141020)), createdDate=2024-02-27T15:05:57.289296)), student=Student(super=Person(id=34, name=Name No.1899730011, surname=Surname  No.-366128268, email=email@mail No.-1030917473)), response=Response No.-112092612, review=Review No.-1644163385, readyForReview=true, mark=5, createdDate=2024-02-27 15:05:57.994, updatedDate=2024-02-27 15:05:58.315)
2024-02-27 15:09:33 INFO  DaoImpl:89 - Object updated successfully: Solution(id=33, task=Task(id=37, title=Title No.-1363106164, createdDate=2024-02-27 15:05:57.714, description=Description No.1680197960, course=Course(id=39, title=Title No.-1849182133, professor=Professor(super=Person(id=11, name=Name No.236464440, surname=Surname  No.-951414445, email=email@mail No.-1924141020)), createdDate=2024-02-27T15:05:57.289296)), student=Student(super=Person(id=34, name=Name No.1899730011, surname=Surname  No.-366128268, email=email@mail No.-1030917473)), response=Response No.-112092612, review=Review No.-1644163385, readyForReview=true, mark=5, createdDate=2024-02-27 15:05:57.994, updatedDate=2024-02-27 15:05:58.315)
2024-02-27 15:09:47 INFO  ProfessorServiceImpl:62 - Object created: Task(id=null, title=Title No.-434032074, createdDate=null, description=Description No.-869691089, course=Course(id=39, title=Title No.-1849182133, professor=Professor(super=Person(id=11, name=Name No.236464440, surname=Surname  No.-951414445, email=email@mail No.-1924141020)), createdDate=2024-02-27T15:05:57.289296300))
2024-02-27 15:09:48 INFO  DaoImpl:89 - Object updated successfully: Task(id=null, title=Title No.-434032074, createdDate=null, description=Description No.-869691089, course=Course(id=39, title=Title No.-1849182133, professor=Professor(super=Person(id=11, name=Name No.236464440, surname=Surname  No.-951414445, email=email@mail No.-1924141020)), createdDate=2024-02-27T15:05:57.289296300))
2024-02-27 15:09:49 INFO  DaoImpl:89 - Object updated successfully: Task(id=41, title=Title No.-1741337979, createdDate=2024-02-27 15:09:47.958, description=Description No.-1272282028, course=Course(id=39, title=Title No.-1849182133, professor=Professor(super=Person(id=11, name=Name No.236464440, surname=Surname  No.-951414445, email=email@mail No.-1924141020)), createdDate=2024-02-27T15:05:57.289296))
2024-02-27 15:09:50 INFO  TaskDaoImpl:40 - Object Task(id=41, title=Title No.-1741337979, createdDate=2024-02-27 15:09:47.958, description=Description No.-1272282028, course=Course(id=39, title=Title No.-1849182133, professor=Professor(super=Person(id=11, name=Name No.236464440, surname=Surname  No.-951414445, email=email@mail No.-1924141020)), createdDate=2024-02-27T15:05:57.289296)) deleted successfully
2024-02-27 15:10:39 INFO  StudentServiceImpl:51 - Student Student(super=Person(id=32, name=Name No.-916133065, surname=Surname  No.-2051243193, email=email@mail No.-1185751073)) check out course Course(id=42, title=Title No.-205151701, professor=Professor(super=Person(id=11, name=Name No.236464440, surname=Surname  No.-951414445, email=email@mail No.-1924141020)), createdDate=2024-02-27T15:05:57.315286)
2024-02-27 15:10:39 INFO  DaoImpl:89 - Object updated successfully: Student(super=Person(id=32, name=Name No.-916133065, surname=Surname  No.-2051243193, email=email@mail No.-1185751073))
2024-02-27 15:10:41 INFO  StudentServiceImpl:43 - Student Student(super=Person(id=32, name=Name No.-916133065, surname=Surname  No.-2051243193, email=email@mail No.-1185751073)) check in course Course(id=42, title=Title No.-205151701, professor=Professor(super=Person(id=11, name=Name No.236464440, surname=Surname  No.-951414445, email=email@mail No.-1924141020)), createdDate=2024-02-27T15:05:57.315286)
2024-02-27 15:10:41 INFO  DaoImpl:89 - Object updated successfully: Student(super=Person(id=32, name=Name No.-916133065, surname=Surname  No.-2051243193, email=email@mail No.-1185751073))
2024-02-27 15:10:45 INFO  DaoImpl:89 - Object saved successfully: Solution(id=37, task=Task(id=40, title=Title No.1777722767, createdDate=2024-02-27 15:05:57.74, description=Description No.-519428063, course=Course(id=42, title=Title No.-205151701, professor=Professor(super=Person(id=11, name=Name No.236464440, surname=Surname  No.-951414445, email=email@mail No.-1924141020)), createdDate=2024-02-27T15:05:57.315286)), student=Student(super=Person(id=32, name=Name No.-916133065, surname=Surname  No.-2051243193, email=email@mail No.-1185751073)), response=null, review=null, readyForReview=false, mark=null, createdDate=2024-02-27 15:10:45.977, updatedDate=2024-02-27 15:10:45.977)
2024-02-27 15:10:45 INFO  StudentServiceImpl:78 - Object created: Solution(id=37, task=Task(id=40, title=Title No.1777722767, createdDate=2024-02-27 15:05:57.74, description=Description No.-519428063, course=Course(id=42, title=Title No.-205151701, professor=Professor(super=Person(id=11, name=Name No.236464440, surname=Surname  No.-951414445, email=email@mail No.-1924141020)), createdDate=2024-02-27T15:05:57.315286)), student=Student(super=Person(id=32, name=Name No.-916133065, surname=Surname  No.-2051243193, email=email@mail No.-1185751073)), response=null, review=null, readyForReview=false, mark=null, createdDate=2024-02-27 15:10:45.977, updatedDate=2024-02-27 15:10:45.977)
2024-02-27 15:10:53 INFO  DaoImpl:89 - Object updated successfully: Solution(id=37, task=Task(id=40, title=Title No.1777722767, createdDate=2024-02-27 15:05:57.74, description=Description No.-519428063, course=Course(id=42, title=Title No.-205151701, professor=Professor(super=Person(id=11, name=Name No.236464440, surname=Surname  No.-951414445, email=email@mail No.-1924141020)), createdDate=2024-02-27T15:05:57.315286)), student=Student(super=Person(id=32, name=Name No.-916133065, surname=Surname  No.-2051243193, email=email@mail No.-1185751073)), response=Response No.1850587199, review=null, readyForReview=true, mark=null, createdDate=2024-02-27 15:10:45.977, updatedDate=2024-02-27 15:10:45.977)
2024-02-27 15:10:53 INFO  StudentServiceImpl:92 - Object updated: Solution(id=37, task=Task(id=40, title=Title No.1777722767, createdDate=2024-02-27 15:05:57.74, description=Description No.-519428063, course=Course(id=42, title=Title No.-205151701, professor=Professor(super=Person(id=11, name=Name No.236464440, surname=Surname  No.-951414445, email=email@mail No.-1924141020)), createdDate=2024-02-27T15:05:57.315286)), student=Student(super=Person(id=32, name=Name No.-916133065, surname=Surname  No.-2051243193, email=email@mail No.-1185751073)), response=Response No.1850587199, review=null, readyForReview=true, mark=null, createdDate=2024-02-27 15:10:45.977, updatedDate=2024-02-27 15:10:52.995)
2024-02-27 15:10:56 INFO  DaoImpl:89 - Object Professor(super=Person(id=11, name=Name No.236464440, surname=Surname  No.-951414445, email=email@mail No.-1924141020)) deleted successfully
2024-02-27 15:10:57 INFO  DaoImpl:89 - Object Student(super=Person(id=32, name=Name No.-916133065, surname=Surname  No.-2051243193, email=email@mail No.-1185751073)) deleted successfully
2024-02-27 15:11:01 INFO  DaoImpl:89 - Object Course(id=37, title=Title No.971241770, professor=Professor(super=Person(id=12, name=Name No.671261352, surname=Surname  No.527444792, email=email@mail No.-1268880485)), createdDate=2024-02-27T15:05:57.271348) deleted successfully
